[09-Nov-2020 09:00:00] WARNING: [pool default] child 1091 said into stderr: "*   Trying 23.227.38.64..."
[09-Nov-2020 09:00:00] WARNING: [pool default] child 1091 said into stderr: "* TCP_NODELAY set"
[09-Nov-2020 09:00:00] WARNING: [pool default] child 1091 said into stderr: "* Connected to pet-markt-mexico.myshopify.com (23.227.38.64) port 443 (#0)"
[09-Nov-2020 09:00:00] WARNING: [pool default] child 1091 said into stderr: "* ALPN, offering http/1.1"
[09-Nov-2020 09:00:00] WARNING: [pool default] child 1091 said into stderr: "* successfully set certificate verify locations:"
[09-Nov-2020 09:00:00] WARNING: [pool default] child 1091 said into stderr: "*   CAfile: /etc/ssl/certs/ca-certificates.crt"
[09-Nov-2020 09:00:00] WARNING: [pool default] child 1091 said into stderr: "  CApath: /etc/ssl/certs"
[09-Nov-2020 09:00:00] WARNING: [pool default] child 1091 said into stderr: "* SSL connection using TLSv1.3 / TLS_AES_256_GCM_SHA384"
[09-Nov-2020 09:00:00] WARNING: [pool default] child 1091 said into stderr: "* ALPN, server accepted to use http/1.1"
[09-Nov-2020 09:00:00] WARNING: [pool default] child 1091 said into stderr: "* Server certificate:"
[09-Nov-2020 09:00:00] WARNING: [pool default] child 1091 said into stderr: "*  subject: C=US; ST=CA; L=San Francisco; O=Cloudflare, Inc.; CN=*.myshopify.com"
[09-Nov-2020 09:00:00] WARNING: [pool default] child 1091 said into stderr: "*  start date: Sep 29 00:00:00 2020 GMT"
[09-Nov-2020 09:00:00] WARNING: [pool default] child 1091 said into stderr: "*  expire date: Sep 29 12:00:00 2021 GMT"
[09-Nov-2020 09:00:00] WARNING: [pool default] child 1091 said into stderr: "*  subjectAltName: host "pet-markt-mexico.myshopify.com" matched cert's "*.myshopify.com""
[09-Nov-2020 09:00:00] WARNING: [pool default] child 1091 said into stderr: "*  issuer: C=US; O=Cloudflare, Inc.; CN=Cloudflare Inc ECC CA-3"
[09-Nov-2020 09:00:00] WARNING: [pool default] child 1091 said into stderr: "*  SSL certificate verify ok."
[09-Nov-2020 09:00:00] WARNING: [pool default] child 1091 said into stderr: "* Server auth using Basic with user '52ffd0cda4aa726025c9861e7b3999e5'"
[09-Nov-2020 09:00:00] WARNING: [pool default] child 1091 said into stderr: "> GET /admin/api/2020-01/products.json?limit=250 HTTP/1.1^M"
[09-Nov-2020 09:00:00] WARNING: [pool default] child 1091 said into stderr: "Host: pet-markt-mexico.myshopify.com^M"
[09-Nov-2020 09:00:00] WARNING: [pool default] child 1091 said into stderr: "Authorization: Basic NTJmZmQwY2RhNGFhNzI2MDI1Yzk4NjFlN2IzOTk5ZTU6ZmRjNzE2MTUwZGVlYWY0ZTQ3OWE3MzYwODUwYmE3Mzc=^M"
[09-Nov-2020 09:00:00] WARNING: [pool default] child 1091 said into stderr: "Accept: */*^M"
[09-Nov-2020 09:00:00] WARNING: [pool default] child 1091 said into stderr: "Accept-Encoding: deflate, gzip^M"
[09-Nov-2020 09:00:00] WARNING: [pool default] child 1091 said into stderr: "Content-Type: application/javascript^M"
[09-Nov-2020 09:00:00] WARNING: [pool default] child 1091 said into stderr: "^M"
[09-Nov-2020 09:00:01] WARNING: [pool default] child 1091 said into stderr: "< "
[09-Nov-2020 09:00:01] WARNING: [pool default] child 1091 said into stderr: "HTTP/1.1 200 OK^M"
[09-Nov-2020 09:00:01] WARNING: [pool default] child 1091 said into stderr: "< "
[09-Nov-2020 09:00:01] WARNING: [pool default] child 1091 said into stderr: "Date: Mon, 09 Nov 2020 15:00:01 GMT^M"
[09-Nov-2020 09:00:01] WARNING: [pool default] child 1091 said into stderr: "< "
[09-Nov-2020 09:00:01] WARNING: [pool default] child 1091 said into stderr: "Content-Type: application/json; charset=utf-8^M"
[09-Nov-2020 09:00:01] WARNING: [pool default] child 1091 said into stderr: "< "
[09-Nov-2020 09:00:01] WARNING: [pool default] child 1091 said into stderr: "Transfer-Encoding: chunked^M"
[09-Nov-2020 09:00:01] WARNING: [pool default] child 1091 said into stderr: "< "
[09-Nov-2020 09:00:01] WARNING: [pool default] child 1091 said into stderr: "Connection: keep-alive^M"
[09-Nov-2020 09:00:01] WARNING: [pool default] child 1091 said into stderr: "< "
[09-Nov-2020 09:00:01] WARNING: [pool default] child 1091 said into stderr: "X-Sorting-Hat-PodId: 179^M"
[09-Nov-2020 09:00:01] WARNING: [pool default] child 1091 said into stderr: "< "
[09-Nov-2020 09:00:01] WARNING: [pool default] child 1091 said into stderr: "X-Sorting-Hat-ShopId: 10594844730^M"
[09-Nov-2020 09:00:01] WARNING: [pool default] child 1091 said into stderr: "< "
[09-Nov-2020 09:00:01] WARNING: [pool default] child 1091 said into stderr: "Vary: Accept-Encoding^M"
[09-Nov-2020 09:00:01] WARNING: [pool default] child 1091 said into stderr: "< "
[09-Nov-2020 09:00:01] WARNING: [pool default] child 1091 said into stderr: "Referrer-Policy: origin-when-cross-origin^M"
[09-Nov-2020 09:00:01] WARNING: [pool default] child 1091 said into stderr: "< "
[09-Nov-2020 09:00:01] WARNING: [pool default] child 1091 said into stderr: "X-Frame-Options: DENY^M"
[09-Nov-2020 09:00:01] WARNING: [pool default] child 1091 said into stderr: "< "
[09-Nov-2020 09:00:01] WARNING: [pool default] child 1091 said into stderr: "X-ShopId: 10594844730^M"
[09-Nov-2020 09:00:01] WARNING: [pool default] child 1091 said into stderr: "< "
[09-Nov-2020 09:00:01] WARNING: [pool default] child 1091 said into stderr: "X-ShardId: 179^M"
[09-Nov-2020 09:00:01] WARNING: [pool default] child 1091 said into stderr: "< "
[09-Nov-2020 09:00:01] WARNING: [pool default] child 1091 said into stderr: "X-Stats-UserId: ^M"
[09-Nov-2020 09:00:01] WARNING: [pool default] child 1091 said into stderr: "< "
[09-Nov-2020 09:00:01] WARNING: [pool default] child 1091 said into stderr: "X-Stats-ApiClientId: 2549783^M"
[09-Nov-2020 09:00:01] WARNING: [pool default] child 1091 said into stderr: "< "
[09-Nov-2020 09:00:01] WARNING: [pool default] child 1091 said into stderr: "X-Stats-ApiPermissionId: 97137360954^M"
[09-Nov-2020 09:00:01] WARNING: [pool default] child 1091 said into stderr: "< "
[09-Nov-2020 09:00:01] WARNING: [pool default] child 1091 said into stderr: "X-Shopify-API-Terms: By accessing or using the Shopify API you agree to the Shopify API License and Terms of Use at https://www.shopify.com/legal/api-terms^M"
[09-Nov-2020 09:00:01] WARNING: [pool default] child 1091 said into stderr: "< "
[09-Nov-2020 09:00:01] WARNING: [pool default] child 1091 said into stderr: "HTTP_X_SHOPIFY_SHOP_API_CALL_LIMIT: 3/40^M"
[09-Nov-2020 09:00:01] WARNING: [pool default] child 1091 said into stderr: "< "
[09-Nov-2020 09:00:01] WARNING: [pool default] child 1091 said into stderr: "X-Shopify-Shop-Api-Call-Limit: 3/40^M"
[09-Nov-2020 09:00:01] WARNING: [pool default] child 1091 said into stderr: "< "
[09-Nov-2020 09:00:01] WARNING: [pool default] child 1091 said into stderr: "X-Shopify-API-Version: 2020-01^M"
[09-Nov-2020 09:00:01] WARNING: [pool default] child 1091 said into stderr: "< "
[09-Nov-2020 09:00:01] WARNING: [pool default] child 1091 said into stderr: "Link: <https://pet-markt-mexico.myshopify.com/admin/api/2020-01/products.json?limit=250&page_info=eyJsYXN0X2lkIjoxNzY1ODkwMzU5MzU0LCJsYXN0X3ZhbHVlIjoiS29uZyBQdXBweSIsImRpcmVjdGlvbiI6Im5leHQifQ>; rel="next"^M"
[09-Nov-2020 09:00:01] WARNING: [pool default] child 1091 said into stderr: "< "
[09-Nov-2020 09:00:01] WARNING: [pool default] child 1091 said into stderr: "Strict-Transport-Security: max-age=7889238^M"
[09-Nov-2020 09:00:01] WARNING: [pool default] child 1091 said into stderr: "< "
[09-Nov-2020 09:00:01] WARNING: [pool default] child 1091 said into stderr: "X-Shopify-Stage: production^M"
[09-Nov-2020 09:00:01] WARNING: [pool default] child 1091 said into stderr: "< "
[09-Nov-2020 09:00:01] WARNING: [pool default] child 1091 said into stderr: "Content-Security-Policy: default-src 'self' data: blob: 'unsafe-inline' 'unsafe-eval' https://* shopify-pos://*; block-all-mixed-content; child-src 'self' https://* shopify-pos://*; connect-src 'self' wss://* https://*; frame-ancestors 'none'; img-src 'self' data: blob: https:; script-src https://cdn.shopify.com https://cdn.shopifycdn.net https://checkout.us.shopifycs.com https://js-agent.newrelic.com https://bam.nr-data.net https://api.stripe.com https://mpsnare.iesnare.com https://appcenter.intuit.com https://www.paypal.com https://js.braintreegateway.com https://c.paypal.com https://maps.googleapis.com https://www.google-analytics.com https://v.shopify.com https://widget.intercom.io https://js.intercomcdn.com 'self' 'unsafe-inline' 'unsafe-eval'; upgrade-insecure-requests; report-uri /csp-report?source%5Baction%5D=index&source%5Bapp%5D=Shopify&source%5Bcontroller%5D=admin%2Fproducts&source%5Bsection%5D=admin_api&source%5Buuid%...
[09-Nov-2020 09:00:01] WARNING: [pool default] child 1091 said into stderr: "< "
[09-Nov-2020 09:00:01] WARNING: [pool default] child 1091 said into stderr: "X-Content-Type-Options: nosniff^M"
[09-Nov-2020 09:00:01] WARNING: [pool default] child 1091 said into stderr: "< "
[09-Nov-2020 09:00:01] WARNING: [pool default] child 1091 said into stderr: "X-Download-Options: noopen^M"
[09-Nov-2020 09:00:01] WARNING: [pool default] child 1091 said into stderr: "< "
[09-Nov-2020 09:00:01] WARNING: [pool default] child 1091 said into stderr: "X-Permitted-Cross-Domain-Policies: none^M"
[09-Nov-2020 09:00:01] WARNING: [pool default] child 1091 said into stderr: "< "
[09-Nov-2020 09:00:01] WARNING: [pool default] child 1091 said into stderr: "X-XSS-Protection: 1; mode=block; report=/xss-report?source%5Baction%5D=index&source%5Bapp%5D=Shopify&source%5Bcontroller%5D=admin%2Fproducts&source%5Bsection%5D=admin_api&source%5Buuid%5D=37e47a51-c178-4ebd-a666-66739d68752c^M"
[09-Nov-2020 09:00:01] WARNING: [pool default] child 1091 said into stderr: "< "
[09-Nov-2020 09:00:01] WARNING: [pool default] child 1091 said into stderr: "X-Dc: gcp-us-central1,gcp-us-east1,gcp-us-east1^M"
[09-Nov-2020 09:00:01] WARNING: [pool default] child 1091 said into stderr: "< "
[09-Nov-2020 09:00:01] WARNING: [pool default] child 1091 said into stderr: "Content-Encoding: gzip^M"
[09-Nov-2020 09:00:01] WARNING: [pool default] child 1091 said into stderr: "< "
[09-Nov-2020 09:00:01] WARNING: [pool default] child 1091 said into stderr: "NEL: {"report_to":"network-errors","max_age":2592000,"failure_fraction":0.01,"success_fraction":0.0001}^M"
[09-Nov-2020 09:00:01] WARNING: [pool default] child 1091 said into stderr: "< "
[09-Nov-2020 09:00:01] WARNING: [pool default] child 1091 said into stderr: "Report-To: {"group":"network-errors","max_age":2592000,"endpoints":[{"url":"https://monorail-edge.shopifycloud.com/v1/reports/nel/20190325/shopify"}]}^M"
[09-Nov-2020 09:00:01] WARNING: [pool default] child 1091 said into stderr: "< "
[09-Nov-2020 09:00:01] WARNING: [pool default] child 1091 said into stderr: "X-Request-ID: 37e47a51-c178-4ebd-a666-66739d68752c^M"
[09-Nov-2020 09:00:01] WARNING: [pool default] child 1091 said into stderr: "< "
[09-Nov-2020 09:00:01] WARNING: [pool default] child 1091 said into stderr: "NEL: {"report_to":"network-errors","max_age":2592000,"failure_fraction":0.01,"success_fraction":0.0001}^M"
[09-Nov-2020 09:00:01] WARNING: [pool default] child 1091 said into stderr: "< "
[09-Nov-2020 09:00:01] WARNING: [pool default] child 1091 said into stderr: "Report-To: {"group":"network-errors","max_age":2592000,"endpoints":[{"url":"https://monorail-edge.shopifycloud.com/v1/reports/nel/20190325/shopify"}]}^M"
[09-Nov-2020 09:00:01] WARNING: [pool default] child 1091 said into stderr: "< "
[09-Nov-2020 09:00:01] WARNING: [pool default] child 1091 said into stderr: "CF-Cache-Status: DYNAMIC^M"
[09-Nov-2020 09:00:01] WARNING: [pool default] child 1091 said into stderr: "< "
[09-Nov-2020 09:00:01] WARNING: [pool default] child 1091 said into stderr: "cf-request-id: 064f1e796d0000305b94a79000000001^M"
[09-Nov-2020 09:00:01] WARNING: [pool default] child 1091 said into stderr: "< "
[09-Nov-2020 09:00:01] WARNING: [pool default] child 1091 said into stderr: "Expect-CT: max-age=604800, report-uri="https://report-uri.cloudflare.com/cdn-cgi/beacon/expect-ct"^M"
[09-Nov-2020 09:00:01] WARNING: [pool default] child 1091 said into stderr: "< "
[09-Nov-2020 09:00:01] WARNING: [pool default] child 1091 said into stderr: "Server: cloudflare^M"
[09-Nov-2020 09:00:01] WARNING: [pool default] child 1091 said into stderr: "< "
[09-Nov-2020 09:00:01] WARNING: [pool default] child 1091 said into stderr: "CF-RAY: 5ef866a24c07305b-ORD^M"
[09-Nov-2020 09:00:01] WARNING: [pool default] child 1091 said into stderr: "< "
[09-Nov-2020 09:00:01] WARNING: [pool default] child 1091 said into stderr: "^M"
[09-Nov-2020 09:00:01] WARNING: [pool default] child 1091 said into stderr: "* Connection #0 to host pet-markt-mexico.myshopify.com left intact"
[09-Nov-2020 09:00:02] WARNING: [pool default] child 1091 said into stderr: "* Hostname pet-markt-mexico.myshopify.com was found in DNS cache"
[09-Nov-2020 09:00:02] WARNING: [pool default] child 1091 said into stderr: "*   Trying 23.227.38.64..."
[09-Nov-2020 09:00:02] WARNING: [pool default] child 1091 said into stderr: "* TCP_NODELAY set"
[09-Nov-2020 09:00:02] WARNING: [pool default] child 1091 said into stderr: "* Connected to pet-markt-mexico.myshopify.com (23.227.38.64) port 443 (#0)"
[09-Nov-2020 09:00:02] WARNING: [pool default] child 1091 said into stderr: "* ALPN, offering http/1.1"
[09-Nov-2020 09:00:02] WARNING: [pool default] child 1091 said into stderr: "* successfully set certificate verify locations:"
[09-Nov-2020 09:00:02] WARNING: [pool default] child 1091 said into stderr: "*   CAfile: /etc/ssl/certs/ca-certificates.crt"
[09-Nov-2020 09:00:02] WARNING: [pool default] child 1091 said into stderr: "  CApath: /etc/ssl/certs"
[09-Nov-2020 09:00:02] WARNING: [pool default] child 1091 said into stderr: "* SSL connection using TLSv1.3 / TLS_AES_256_GCM_SHA384"
[09-Nov-2020 09:00:02] WARNING: [pool default] child 1091 said into stderr: "* ALPN, server accepted to use http/1.1"
[09-Nov-2020 09:00:02] WARNING: [pool default] child 1091 said into stderr: "* Server certificate:"
[09-Nov-2020 09:00:02] WARNING: [pool default] child 1091 said into stderr: "*  subject: C=US; ST=CA; L=San Francisco; O=Cloudflare, Inc.; CN=*.myshopify.com"
[09-Nov-2020 09:00:02] WARNING: [pool default] child 1091 said into stderr: "*  start date: Sep 29 00:00:00 2020 GMT"